[2020-11-11 13:30:50,112] multiqc                                            [DEBUG  ]  No MultiQC config found: /programs/biogrids/x86_64-linux/multiqc/1.8/lib/python3.7/site-packages/multiqc_config.yaml
[2020-11-11 13:30:50,113] multiqc                                            [DEBUG  ]  No MultiQC config found: /home/ch219793/.multiqc_config.yaml
[2020-11-11 13:30:50,114] multiqc                                            [DEBUG  ]  No MultiQC config found: multiqc_config.yaml
[2020-11-11 13:30:50,115] multiqc                                            [DEBUG  ]  Command used: /programs/x86_64-linux/multiqc/1.8/bin/multiqc /lab-share/RC-Data-Science-e2/Public/Sam/Project_39/outputs//salmon_human_v35-report -o /lab-share/RC-Data-Science-e2/Public/Sam/Project_39/outputs//salmon_human_v35-report/multiqc-report
[2020-11-11 13:30:51,233] multiqc                                            [WARNING]  MultiQC Version v1.9 now available!
[2020-11-11 13:30:51,233] multiqc                                            [INFO   ]  This is MultiQC v1.8
[2020-11-11 13:30:51,234] multiqc                                            [DEBUG  ]  Command     : /programs/x86_64-linux/multiqc/1.8/bin/multiqc /lab-share/RC-Data-Science-e2/Public/Sam/Project_39/outputs//salmon_human_v35-report -o /lab-share/RC-Data-Science-e2/Public/Sam/Project_39/outputs//salmon_human_v35-report/multiqc-report
[2020-11-11 13:30:51,234] multiqc                                            [DEBUG  ]  Working dir : /lab-share/RC-Data-Science-e2/Public/Sam/Project_39/pre-process
[2020-11-11 13:30:51,234] multiqc                                            [INFO   ]  Template    : default
[2020-11-11 13:30:51,234] multiqc                                            [DEBUG  ]  Running Python 3.7.4 (default, Aug 13 2019, 20:35:49)  [GCC 7.3.0]
[2020-11-11 13:30:51,234] multiqc                                            [INFO   ]  Searching   : /lab-share/RC-Data-Science-e2/Public/Sam/Project_39/outputs/salmon_human_v35-report
[2020-11-11 13:30:51,235] multiqc                                            [DEBUG  ]  Analysing modules: custom_content, conpair, peddy, methylQA, phantompeakqualtools, qualimap, preseq, quast, qorts, rna_seqc, rsem, rseqc, busco, goleft_indexcov, disambiguate, supernova, deeptools, sargasso, verifybamid, mirtrace, happy, homer, macs2, theta2, snpeff, gatk, htseq, bcftools, featureCounts, fgbio, dedup, damageprofiler, biobambam2, mtnucratio, picard, prokka, samblaster, samtools, sexdeterrmine, bamtools, jellyfish, vcftools, longranger, stacks, bbmap, bismark, biscuit, hicexplorer, hicup, hicpro, salmon, kallisto, slamdunk, star, hisat2, tophat, bowtie2, bowtie1, kat, leehom, adapterRemoval, clipandmerge, cutadapt, flexbar, trimmomatic, skewer, sortmerna, biobloomtools, fastq_screen, afterqc, fastp, fastqc, minionqc, mosdepth, clusterflow, bcl2fastq, interop, flash, seqyclean
[2020-11-11 13:30:51,236] multiqc                                            [DEBUG  ]  Using temporary directory for creating report: /tmp/tmpfq37nfrj
[2020-11-11 13:30:51,818] multiqc                                            [DEBUG  ]  File ignored by hicexplorer because it exceeded search pattern filesize limit: salmon_quant.log
[2020-11-11 13:30:51,826] multiqc                                            [DEBUG  ]  File ignored by longranger/invocation because it exceeded search pattern filesize limit: salmon_quant.log
[2020-11-11 13:30:52,136] multiqc                                            [DEBUG  ]  File ignored by hicexplorer because it exceeded search pattern filesize limit: ambig_info.tsv
[2020-11-11 13:30:52,145] multiqc                                            [DEBUG  ]  File ignored by longranger/invocation because it exceeded search pattern filesize limit: ambig_info.tsv
[2020-11-11 13:30:52,145] multiqc                                            [DEBUG  ]  File ignored by rseqc/bam_stat because it exceeded search pattern filesize limit: ambig_info.tsv
[2020-11-11 13:30:52,145] multiqc                                            [DEBUG  ]  File ignored by rseqc/junction_annotation because it exceeded search pattern filesize limit: ambig_info.tsv
[2020-11-11 13:30:52,145] multiqc                                            [DEBUG  ]  File ignored by rseqc/read_distribution because it exceeded search pattern filesize limit: ambig_info.tsv
[2020-11-11 13:30:52,146] multiqc                                            [DEBUG  ]  File ignored by rseqc/infer_experiment because it exceeded search pattern filesize limit: ambig_info.tsv
[2020-11-11 13:30:52,242] multiqc                                            [DEBUG  ]  File ignored by stacks/sumstats because it exceeded search pattern filesize limit: ambig_info.tsv
[2020-11-11 13:30:57,625] multiqc                                            [DEBUG  ]  File ignored by hicexplorer because it exceeded search pattern filesize limit: salmon_quant.log
[2020-11-11 13:30:57,631] multiqc                                            [DEBUG  ]  File ignored by longranger/invocation because it exceeded search pattern filesize limit: salmon_quant.log
[2020-11-11 13:30:57,816] multiqc                                            [DEBUG  ]  File ignored by hicexplorer because it exceeded search pattern filesize limit: ambig_info.tsv
[2020-11-11 13:30:57,823] multiqc                                            [DEBUG  ]  File ignored by longranger/invocation because it exceeded search pattern filesize limit: ambig_info.tsv
[2020-11-11 13:30:57,824] multiqc                                            [DEBUG  ]  File ignored by rseqc/bam_stat because it exceeded search pattern filesize limit: ambig_info.tsv
[2020-11-11 13:30:57,824] multiqc                                            [DEBUG  ]  File ignored by rseqc/junction_annotation because it exceeded search pattern filesize limit: ambig_info.tsv
[2020-11-11 13:30:57,824] multiqc                                            [DEBUG  ]  File ignored by rseqc/read_distribution because it exceeded search pattern filesize limit: ambig_info.tsv
[2020-11-11 13:30:57,824] multiqc                                            [DEBUG  ]  File ignored by rseqc/infer_experiment because it exceeded search pattern filesize limit: ambig_info.tsv
[2020-11-11 13:30:57,899] multiqc                                            [DEBUG  ]  File ignored by stacks/sumstats because it exceeded search pattern filesize limit: ambig_info.tsv
[2020-11-11 13:31:03,183] multiqc                                            [DEBUG  ]  File ignored by hicexplorer because it exceeded search pattern filesize limit: salmon_quant.log
[2020-11-11 13:31:03,189] multiqc                                            [DEBUG  ]  File ignored by longranger/invocation because it exceeded search pattern filesize limit: salmon_quant.log
[2020-11-11 13:31:03,376] multiqc                                            [DEBUG  ]  File ignored by hicexplorer because it exceeded search pattern filesize limit: ambig_info.tsv
[2020-11-11 13:31:03,384] multiqc                                            [DEBUG  ]  File ignored by longranger/invocation because it exceeded search pattern filesize limit: ambig_info.tsv
[2020-11-11 13:31:03,384] multiqc                                            [DEBUG  ]  File ignored by rseqc/bam_stat because it exceeded search pattern filesize limit: ambig_info.tsv
[2020-11-11 13:31:03,384] multiqc                                            [DEBUG  ]  File ignored by rseqc/junction_annotation because it exceeded search pattern filesize limit: ambig_info.tsv
[2020-11-11 13:31:03,384] multiqc                                            [DEBUG  ]  File ignored by rseqc/read_distribution because it exceeded search pattern filesize limit: ambig_info.tsv
[2020-11-11 13:31:03,384] multiqc                                            [DEBUG  ]  File ignored by rseqc/infer_experiment because it exceeded search pattern filesize limit: ambig_info.tsv
[2020-11-11 13:31:03,460] multiqc                                            [DEBUG  ]  File ignored by stacks/sumstats because it exceeded search pattern filesize limit: ambig_info.tsv
[2020-11-11 13:31:08,592] multiqc                                            [DEBUG  ]  File ignored by hicexplorer because it exceeded search pattern filesize limit: salmon_quant.log
[2020-11-11 13:31:08,599] multiqc                                            [DEBUG  ]  File ignored by longranger/invocation because it exceeded search pattern filesize limit: salmon_quant.log
[2020-11-11 13:31:08,888] multiqc                                            [DEBUG  ]  File ignored by hicexplorer because it exceeded search pattern filesize limit: ambig_info.tsv
[2020-11-11 13:31:08,900] multiqc                                            [DEBUG  ]  File ignored by longranger/invocation because it exceeded search pattern filesize limit: ambig_info.tsv
[2020-11-11 13:31:08,900] multiqc                                            [DEBUG  ]  File ignored by rseqc/bam_stat because it exceeded search pattern filesize limit: ambig_info.tsv
[2020-11-11 13:31:08,900] multiqc                                            [DEBUG  ]  File ignored by rseqc/junction_annotation because it exceeded search pattern filesize limit: ambig_info.tsv
[2020-11-11 13:31:08,900] multiqc                                            [DEBUG  ]  File ignored by rseqc/read_distribution because it exceeded search pattern filesize limit: ambig_info.tsv
[2020-11-11 13:31:08,901] multiqc                                            [DEBUG  ]  File ignored by rseqc/infer_experiment because it exceeded search pattern filesize limit: ambig_info.tsv
[2020-11-11 13:31:09,034] multiqc                                            [DEBUG  ]  File ignored by stacks/sumstats because it exceeded search pattern filesize limit: ambig_info.tsv
[2020-11-11 13:31:14,451] multiqc                                            [DEBUG  ]  File ignored by hicexplorer because it exceeded search pattern filesize limit: salmon_quant.log
[2020-11-11 13:31:14,462] multiqc                                            [DEBUG  ]  File ignored by longranger/invocation because it exceeded search pattern filesize limit: salmon_quant.log
[2020-11-11 13:31:14,773] multiqc                                            [DEBUG  ]  File ignored by hicexplorer because it exceeded search pattern filesize limit: ambig_info.tsv
[2020-11-11 13:31:14,783] multiqc                                            [DEBUG  ]  File ignored by longranger/invocation because it exceeded search pattern filesize limit: ambig_info.tsv
[2020-11-11 13:31:14,783] multiqc                                            [DEBUG  ]  File ignored by rseqc/bam_stat because it exceeded search pattern filesize limit: ambig_info.tsv
[2020-11-11 13:31:14,783] multiqc                                            [DEBUG  ]  File ignored by rseqc/junction_annotation because it exceeded search pattern filesize limit: ambig_info.tsv
[2020-11-11 13:31:14,783] multiqc                                            [DEBUG  ]  File ignored by rseqc/read_distribution because it exceeded search pattern filesize limit: ambig_info.tsv
[2020-11-11 13:31:14,783] multiqc                                            [DEBUG  ]  File ignored by rseqc/infer_experiment because it exceeded search pattern filesize limit: ambig_info.tsv
[2020-11-11 13:31:14,880] multiqc                                            [DEBUG  ]  File ignored by stacks/sumstats because it exceeded search pattern filesize limit: ambig_info.tsv
[2020-11-11 13:31:20,292] multiqc                                            [DEBUG  ]  File ignored by longranger/invocation because it exceeded search pattern filesize limit: salmon_quant.log
[2020-11-11 13:31:20,586] multiqc                                            [DEBUG  ]  File ignored by hicexplorer because it exceeded search pattern filesize limit: ambig_info.tsv
[2020-11-11 13:31:20,594] multiqc                                            [DEBUG  ]  File ignored by longranger/invocation because it exceeded search pattern filesize limit: ambig_info.tsv
[2020-11-11 13:31:20,595] multiqc                                            [DEBUG  ]  File ignored by rseqc/bam_stat because it exceeded search pattern filesize limit: ambig_info.tsv
[2020-11-11 13:31:20,595] multiqc                                            [DEBUG  ]  File ignored by rseqc/junction_annotation because it exceeded search pattern filesize limit: ambig_info.tsv
[2020-11-11 13:31:20,595] multiqc                                            [DEBUG  ]  File ignored by rseqc/read_distribution because it exceeded search pattern filesize limit: ambig_info.tsv
[2020-11-11 13:31:20,595] multiqc                                            [DEBUG  ]  File ignored by rseqc/infer_experiment because it exceeded search pattern filesize limit: ambig_info.tsv
[2020-11-11 13:31:20,686] multiqc                                            [DEBUG  ]  File ignored by stacks/sumstats because it exceeded search pattern filesize limit: ambig_info.tsv
[2020-11-11 13:31:26,222] multiqc                                            [DEBUG  ]  File ignored by longranger/invocation because it exceeded search pattern filesize limit: salmon_quant.log
[2020-11-11 13:31:26,527] multiqc                                            [DEBUG  ]  File ignored by hicexplorer because it exceeded search pattern filesize limit: ambig_info.tsv
[2020-11-11 13:31:26,536] multiqc                                            [DEBUG  ]  File ignored by longranger/invocation because it exceeded search pattern filesize limit: ambig_info.tsv
[2020-11-11 13:31:26,536] multiqc                                            [DEBUG  ]  File ignored by rseqc/bam_stat because it exceeded search pattern filesize limit: ambig_info.tsv
[2020-11-11 13:31:26,536] multiqc                                            [DEBUG  ]  File ignored by rseqc/junction_annotation because it exceeded search pattern filesize limit: ambig_info.tsv
[2020-11-11 13:31:26,536] multiqc                                            [DEBUG  ]  File ignored by rseqc/read_distribution because it exceeded search pattern filesize limit: ambig_info.tsv
[2020-11-11 13:31:26,536] multiqc                                            [DEBUG  ]  File ignored by rseqc/infer_experiment because it exceeded search pattern filesize limit: ambig_info.tsv
[2020-11-11 13:31:26,631] multiqc                                            [DEBUG  ]  File ignored by stacks/sumstats because it exceeded search pattern filesize limit: ambig_info.tsv
[2020-11-11 13:31:32,031] multiqc                                            [DEBUG  ]  File ignored by hicexplorer because it exceeded search pattern filesize limit: salmon_quant.log
[2020-11-11 13:31:32,038] multiqc                                            [DEBUG  ]  File ignored by longranger/invocation because it exceeded search pattern filesize limit: salmon_quant.log
[2020-11-11 13:31:32,349] multiqc                                            [DEBUG  ]  File ignored by hicexplorer because it exceeded search pattern filesize limit: ambig_info.tsv
[2020-11-11 13:31:32,356] multiqc                                            [DEBUG  ]  File ignored by longranger/invocation because it exceeded search pattern filesize limit: ambig_info.tsv
[2020-11-11 13:31:32,356] multiqc                                            [DEBUG  ]  File ignored by rseqc/bam_stat because it exceeded search pattern filesize limit: ambig_info.tsv
[2020-11-11 13:31:32,356] multiqc                                            [DEBUG  ]  File ignored by rseqc/junction_annotation because it exceeded search pattern filesize limit: ambig_info.tsv
[2020-11-11 13:31:32,357] multiqc                                            [DEBUG  ]  File ignored by rseqc/read_distribution because it exceeded search pattern filesize limit: ambig_info.tsv
[2020-11-11 13:31:32,357] multiqc                                            [DEBUG  ]  File ignored by rseqc/infer_experiment because it exceeded search pattern filesize limit: ambig_info.tsv
[2020-11-11 13:31:32,452] multiqc                                            [DEBUG  ]  File ignored by stacks/sumstats because it exceeded search pattern filesize limit: ambig_info.tsv
[2020-11-11 13:31:37,657] multiqc                                            [DEBUG  ]  File ignored by hicexplorer because it exceeded search pattern filesize limit: salmon_quant.log
[2020-11-11 13:31:37,663] multiqc                                            [DEBUG  ]  File ignored by longranger/invocation because it exceeded search pattern filesize limit: salmon_quant.log
[2020-11-11 13:31:37,837] multiqc                                            [DEBUG  ]  File ignored by hicexplorer because it exceeded search pattern filesize limit: ambig_info.tsv
[2020-11-11 13:31:37,844] multiqc                                            [DEBUG  ]  File ignored by longranger/invocation because it exceeded search pattern filesize limit: ambig_info.tsv
[2020-11-11 13:31:37,844] multiqc                                            [DEBUG  ]  File ignored by rseqc/bam_stat because it exceeded search pattern filesize limit: ambig_info.tsv
[2020-11-11 13:31:37,844] multiqc                                            [DEBUG  ]  File ignored by rseqc/junction_annotation because it exceeded search pattern filesize limit: ambig_info.tsv
[2020-11-11 13:31:37,844] multiqc                                            [DEBUG  ]  File ignored by rseqc/read_distribution because it exceeded search pattern filesize limit: ambig_info.tsv
[2020-11-11 13:31:37,844] multiqc                                            [DEBUG  ]  File ignored by rseqc/infer_experiment because it exceeded search pattern filesize limit: ambig_info.tsv
[2020-11-11 13:31:37,920] multiqc                                            [DEBUG  ]  File ignored by stacks/sumstats because it exceeded search pattern filesize limit: ambig_info.tsv
[2020-11-11 13:31:43,268] multiqc                                            [DEBUG  ]  File ignored by longranger/invocation because it exceeded search pattern filesize limit: salmon_quant.log
[2020-11-11 13:31:43,589] multiqc                                            [DEBUG  ]  File ignored by hicexplorer because it exceeded search pattern filesize limit: ambig_info.tsv
[2020-11-11 13:31:43,598] multiqc                                            [DEBUG  ]  File ignored by longranger/invocation because it exceeded search pattern filesize limit: ambig_info.tsv
[2020-11-11 13:31:43,598] multiqc                                            [DEBUG  ]  File ignored by rseqc/bam_stat because it exceeded search pattern filesize limit: ambig_info.tsv
[2020-11-11 13:31:43,598] multiqc                                            [DEBUG  ]  File ignored by rseqc/junction_annotation because it exceeded search pattern filesize limit: ambig_info.tsv
[2020-11-11 13:31:43,598] multiqc                                            [DEBUG  ]  File ignored by rseqc/read_distribution because it exceeded search pattern filesize limit: ambig_info.tsv
[2020-11-11 13:31:43,599] multiqc                                            [DEBUG  ]  File ignored by rseqc/infer_experiment because it exceeded search pattern filesize limit: ambig_info.tsv
[2020-11-11 13:31:43,693] multiqc                                            [DEBUG  ]  File ignored by stacks/sumstats because it exceeded search pattern filesize limit: ambig_info.tsv
[2020-11-11 13:31:49,184] multiqc                                            [DEBUG  ]  File ignored by longranger/invocation because it exceeded search pattern filesize limit: salmon_quant.log
[2020-11-11 13:31:49,496] multiqc                                            [DEBUG  ]  File ignored by hicexplorer because it exceeded search pattern filesize limit: ambig_info.tsv
[2020-11-11 13:31:49,506] multiqc                                            [DEBUG  ]  File ignored by longranger/invocation because it exceeded search pattern filesize limit: ambig_info.tsv
[2020-11-11 13:31:49,506] multiqc                                            [DEBUG  ]  File ignored by rseqc/bam_stat because it exceeded search pattern filesize limit: ambig_info.tsv
[2020-11-11 13:31:49,506] multiqc                                            [DEBUG  ]  File ignored by rseqc/junction_annotation because it exceeded search pattern filesize limit: ambig_info.tsv
[2020-11-11 13:31:49,507] multiqc                                            [DEBUG  ]  File ignored by rseqc/read_distribution because it exceeded search pattern filesize limit: ambig_info.tsv
[2020-11-11 13:31:49,507] multiqc                                            [DEBUG  ]  File ignored by rseqc/infer_experiment because it exceeded search pattern filesize limit: ambig_info.tsv
[2020-11-11 13:31:49,603] multiqc                                            [DEBUG  ]  File ignored by stacks/sumstats because it exceeded search pattern filesize limit: ambig_info.tsv
[2020-11-11 13:31:55,164] multiqc                                            [DEBUG  ]  File ignored by hicexplorer because it exceeded search pattern filesize limit: salmon_quant.log
[2020-11-11 13:31:55,170] multiqc                                            [DEBUG  ]  File ignored by longranger/invocation because it exceeded search pattern filesize limit: salmon_quant.log
[2020-11-11 13:31:55,354] multiqc                                            [DEBUG  ]  File ignored by hicexplorer because it exceeded search pattern filesize limit: ambig_info.tsv
[2020-11-11 13:31:55,361] multiqc                                            [DEBUG  ]  File ignored by longranger/invocation because it exceeded search pattern filesize limit: ambig_info.tsv
[2020-11-11 13:31:55,361] multiqc                                            [DEBUG  ]  File ignored by rseqc/bam_stat because it exceeded search pattern filesize limit: ambig_info.tsv
[2020-11-11 13:31:55,361] multiqc                                            [DEBUG  ]  File ignored by rseqc/junction_annotation because it exceeded search pattern filesize limit: ambig_info.tsv
[2020-11-11 13:31:55,361] multiqc                                            [DEBUG  ]  File ignored by rseqc/read_distribution because it exceeded search pattern filesize limit: ambig_info.tsv
[2020-11-11 13:31:55,361] multiqc                                            [DEBUG  ]  File ignored by rseqc/infer_experiment because it exceeded search pattern filesize limit: ambig_info.tsv
[2020-11-11 13:31:55,437] multiqc                                            [DEBUG  ]  File ignored by stacks/sumstats because it exceeded search pattern filesize limit: ambig_info.tsv
[2020-11-11 13:32:00,535] multiqc                                            [DEBUG  ]  File ignored by longranger/invocation because it exceeded search pattern filesize limit: salmon_quant.log
[2020-11-11 13:32:00,825] multiqc                                            [DEBUG  ]  File ignored by hicexplorer because it exceeded search pattern filesize limit: ambig_info.tsv
[2020-11-11 13:32:00,834] multiqc                                            [DEBUG  ]  File ignored by longranger/invocation because it exceeded search pattern filesize limit: ambig_info.tsv
[2020-11-11 13:32:00,834] multiqc                                            [DEBUG  ]  File ignored by rseqc/bam_stat because it exceeded search pattern filesize limit: ambig_info.tsv
[2020-11-11 13:32:00,834] multiqc                                            [DEBUG  ]  File ignored by rseqc/junction_annotation because it exceeded search pattern filesize limit: ambig_info.tsv
[2020-11-11 13:32:00,834] multiqc                                            [DEBUG  ]  File ignored by rseqc/read_distribution because it exceeded search pattern filesize limit: ambig_info.tsv
[2020-11-11 13:32:00,835] multiqc                                            [DEBUG  ]  File ignored by rseqc/infer_experiment because it exceeded search pattern filesize limit: ambig_info.tsv
[2020-11-11 13:32:00,930] multiqc                                            [DEBUG  ]  File ignored by stacks/sumstats because it exceeded search pattern filesize limit: ambig_info.tsv
[2020-11-11 13:32:06,175] multiqc                                            [DEBUG  ]  File ignored by longranger/invocation because it exceeded search pattern filesize limit: salmon_quant.log
[2020-11-11 13:32:06,366] multiqc                                            [DEBUG  ]  File ignored by hicexplorer because it exceeded search pattern filesize limit: ambig_info.tsv
[2020-11-11 13:32:06,374] multiqc                                            [DEBUG  ]  File ignored by longranger/invocation because it exceeded search pattern filesize limit: ambig_info.tsv
[2020-11-11 13:32:06,374] multiqc                                            [DEBUG  ]  File ignored by rseqc/bam_stat because it exceeded search pattern filesize limit: ambig_info.tsv
[2020-11-11 13:32:06,374] multiqc                                            [DEBUG  ]  File ignored by rseqc/junction_annotation because it exceeded search pattern filesize limit: ambig_info.tsv
[2020-11-11 13:32:06,374] multiqc                                            [DEBUG  ]  File ignored by rseqc/read_distribution because it exceeded search pattern filesize limit: ambig_info.tsv
[2020-11-11 13:32:06,375] multiqc                                            [DEBUG  ]  File ignored by rseqc/infer_experiment because it exceeded search pattern filesize limit: ambig_info.tsv
[2020-11-11 13:32:06,450] multiqc                                            [DEBUG  ]  File ignored by stacks/sumstats because it exceeded search pattern filesize limit: ambig_info.tsv
[2020-11-11 13:32:11,757] multiqc                                            [DEBUG  ]  File ignored by hicexplorer because it exceeded search pattern filesize limit: salmon_quant.log
[2020-11-11 13:32:11,763] multiqc                                            [DEBUG  ]  File ignored by longranger/invocation because it exceeded search pattern filesize limit: salmon_quant.log
[2020-11-11 13:32:12,025] multiqc                                            [DEBUG  ]  File ignored by hicexplorer because it exceeded search pattern filesize limit: ambig_info.tsv
[2020-11-11 13:32:12,035] multiqc                                            [DEBUG  ]  File ignored by longranger/invocation because it exceeded search pattern filesize limit: ambig_info.tsv
[2020-11-11 13:32:12,035] multiqc                                            [DEBUG  ]  File ignored by rseqc/bam_stat because it exceeded search pattern filesize limit: ambig_info.tsv
[2020-11-11 13:32:12,035] multiqc                                            [DEBUG  ]  File ignored by rseqc/junction_annotation because it exceeded search pattern filesize limit: ambig_info.tsv
[2020-11-11 13:32:12,035] multiqc                                            [DEBUG  ]  File ignored by rseqc/read_distribution because it exceeded search pattern filesize limit: ambig_info.tsv
[2020-11-11 13:32:12,035] multiqc                                            [DEBUG  ]  File ignored by rseqc/infer_experiment because it exceeded search pattern filesize limit: ambig_info.tsv
[2020-11-11 13:32:12,130] multiqc                                            [DEBUG  ]  File ignored by stacks/sumstats because it exceeded search pattern filesize limit: ambig_info.tsv
[2020-11-11 13:32:18,588] multiqc.plots.bargraph                             [DEBUG  ]  Using matplotlib version 2.2.5
[2020-11-11 13:32:18,593] multiqc.plots.linegraph                            [DEBUG  ]  Using matplotlib version 2.2.5
[2020-11-11 13:32:18,601] multiqc                                            [DEBUG  ]  No samples found: custom_content
[2020-11-11 13:32:18,623] multiqc                                            [DEBUG  ]  No samples found: conpair
[2020-11-11 13:32:18,645] multiqc                                            [DEBUG  ]  No samples found: peddy
[2020-11-11 13:32:18,670] multiqc                                            [DEBUG  ]  No samples found: methylQA
[2020-11-11 13:32:18,694] multiqc                                            [DEBUG  ]  No samples found: phantompeakqualtools
[2020-11-11 13:32:18,726] multiqc                                            [DEBUG  ]  No samples found: qualimap
[2020-11-11 13:32:18,750] multiqc                                            [DEBUG  ]  No samples found: preseq
[2020-11-11 13:32:18,775] multiqc                                            [DEBUG  ]  No samples found: quast
[2020-11-11 13:32:18,798] multiqc                                            [DEBUG  ]  No samples found: qorts
[2020-11-11 13:32:18,821] multiqc                                            [DEBUG  ]  No samples found: rna_seqc
[2020-11-11 13:32:18,844] multiqc                                            [DEBUG  ]  No samples found: rsem
[2020-11-11 13:32:18,898] multiqc                                            [DEBUG  ]  No samples found: rseqc
[2020-11-11 13:32:18,921] multiqc                                            [DEBUG  ]  No samples found: busco
[2020-11-11 13:32:18,945] multiqc                                            [DEBUG  ]  No samples found: goleft_indexcov
[2020-11-11 13:32:18,969] multiqc                                            [DEBUG  ]  No samples found: disambiguate
[2020-11-11 13:32:18,993] multiqc                                            [DEBUG  ]  No samples found: supernova
[2020-11-11 13:32:19,049] multiqc                                            [DEBUG  ]  No samples found: deeptools
[2020-11-11 13:32:19,073] multiqc                                            [DEBUG  ]  No samples found: sargasso
[2020-11-11 13:32:19,098] multiqc                                            [DEBUG  ]  No samples found: verifybamid
[2020-11-11 13:32:19,121] multiqc                                            [DEBUG  ]  No samples found: mirtrace
[2020-11-11 13:32:19,143] multiqc                                            [DEBUG  ]  No samples found: happy
[2020-11-11 13:32:19,173] multiqc                                            [DEBUG  ]  No samples found: homer
[2020-11-11 13:32:19,196] multiqc                                            [DEBUG  ]  No samples found: macs2
[2020-11-11 13:32:19,220] multiqc                                            [DEBUG  ]  No samples found: theta2
[2020-11-11 13:32:19,243] multiqc                                            [DEBUG  ]  No samples found: snpeff
[2020-11-11 13:32:19,274] multiqc                                            [DEBUG  ]  No samples found: gatk
[2020-11-11 13:32:19,297] multiqc                                            [DEBUG  ]  No samples found: htseq
[2020-11-11 13:32:19,324] multiqc                                            [DEBUG  ]  No samples found: bcftools
[2020-11-11 13:32:19,347] multiqc                                            [DEBUG  ]  No samples found: featureCounts
[2020-11-11 13:32:19,374] multiqc                                            [DEBUG  ]  No samples found: fgbio
[2020-11-11 13:32:19,399] multiqc                                            [DEBUG  ]  No samples found: dedup
[2020-11-11 13:32:19,426] multiqc                                            [DEBUG  ]  No samples found: damageprofiler
[2020-11-11 13:32:19,540] multiqc                                            [DEBUG  ]  No samples found: biobambam2
[2020-11-11 13:32:19,564] multiqc                                            [DEBUG  ]  No samples found: mtnucratio
[2020-11-11 13:32:19,573] multiqc                                            [DEBUG  ]  No samples found: picard
[2020-11-11 13:32:19,596] multiqc                                            [DEBUG  ]  No samples found: prokka
[2020-11-11 13:32:19,619] multiqc                                            [DEBUG  ]  No samples found: samblaster
[2020-11-11 13:32:19,655] multiqc                                            [DEBUG  ]  No samples found: samtools
[2020-11-11 13:32:19,678] multiqc                                            [DEBUG  ]  No samples found: sexdeterrmine
[2020-11-11 13:32:19,704] multiqc                                            [DEBUG  ]  No samples found: bamtools
[2020-11-11 13:32:19,726] multiqc                                            [DEBUG  ]  No samples found: jellyfish
[2020-11-11 13:32:19,762] multiqc                                            [DEBUG  ]  No samples found: vcftools
[2020-11-11 13:32:19,785] multiqc                                            [DEBUG  ]  No samples found: longranger
[2020-11-11 13:32:19,808] multiqc                                            [DEBUG  ]  No samples found: stacks
[2020-11-11 13:32:19,871] multiqc                                            [DEBUG  ]  No samples found: bbmap
[2020-11-11 13:32:19,894] multiqc                                            [DEBUG  ]  No samples found: bismark
[2020-11-11 13:32:19,917] multiqc                                            [DEBUG  ]  No samples found: biscuit
[2020-11-11 13:32:19,940] multiqc                                            [DEBUG  ]  No samples found: hicexplorer
[2020-11-11 13:32:19,962] multiqc                                            [DEBUG  ]  No samples found: hicup
[2020-11-11 13:32:19,985] multiqc                                            [DEBUG  ]  No samples found: hicpro
[2020-11-11 13:32:20,083] multiqc.modules.salmon.salmon                      [INFO   ]  Found 15 meta reports
[2020-11-11 13:32:20,085] multiqc.modules.salmon.salmon                      [INFO   ]  Found 15 fragment length distributions
[2020-11-11 13:32:20,265] multiqc                                            [DEBUG  ]  No samples found: kallisto
[2020-11-11 13:32:20,282] multiqc                                            [DEBUG  ]  No samples found: slamdunk
[2020-11-11 13:32:20,301] multiqc                                            [DEBUG  ]  No samples found: star
[2020-11-11 13:32:20,317] multiqc                                            [DEBUG  ]  No samples found: hisat2
[2020-11-11 13:32:20,333] multiqc                                            [DEBUG  ]  No samples found: tophat
[2020-11-11 13:32:20,354] multiqc                                            [DEBUG  ]  No samples found: bowtie2
[2020-11-11 13:32:20,374] multiqc                                            [DEBUG  ]  No samples found: bowtie1
[2020-11-11 13:32:20,395] multiqc                                            [DEBUG  ]  No samples found: kat
[2020-11-11 13:32:20,416] multiqc                                            [DEBUG  ]  No samples found: leehom
[2020-11-11 13:32:20,436] multiqc                                            [DEBUG  ]  No samples found: adapterRemoval
[2020-11-11 13:32:20,457] multiqc                                            [DEBUG  ]  No samples found: clipandmerge
[2020-11-11 13:32:20,477] multiqc                                            [DEBUG  ]  No samples found: cutadapt
[2020-11-11 13:32:20,497] multiqc                                            [DEBUG  ]  No samples found: flexbar
[2020-11-11 13:32:20,519] multiqc                                            [DEBUG  ]  No samples found: trimmomatic
[2020-11-11 13:32:20,539] multiqc                                            [DEBUG  ]  No samples found: skewer
[2020-11-11 13:32:20,560] multiqc                                            [DEBUG  ]  No samples found: sortmerna
[2020-11-11 13:32:20,581] multiqc                                            [DEBUG  ]  No samples found: biobloomtools
[2020-11-11 13:32:20,604] multiqc                                            [DEBUG  ]  No samples found: fastq_screen
[2020-11-11 13:32:20,624] multiqc                                            [DEBUG  ]  No samples found: afterqc
[2020-11-11 13:32:20,644] multiqc                                            [DEBUG  ]  No samples found: fastp
[2020-11-11 13:32:20,666] multiqc                                            [DEBUG  ]  No samples found: fastqc
[2020-11-11 13:32:20,686] multiqc                                            [DEBUG  ]  No samples found: minionqc
[2020-11-11 13:32:20,706] multiqc                                            [DEBUG  ]  No samples found: mosdepth
[2020-11-11 13:32:20,726] multiqc                                            [DEBUG  ]  No samples found: clusterflow
[2020-11-11 13:32:20,746] multiqc                                            [DEBUG  ]  No samples found: bcl2fastq
[2020-11-11 13:32:20,768] multiqc                                            [DEBUG  ]  No samples found: interop
[2020-11-11 13:32:20,788] multiqc                                            [DEBUG  ]  No samples found: flash
[2020-11-11 13:32:20,807] multiqc                                            [DEBUG  ]  No samples found: seqyclean
[2020-11-11 13:32:20,831] multiqc                                            [INFO   ]  Compressing plot data
[2020-11-11 13:32:21,131] multiqc                                            [INFO   ]  Report      : ../outputs/salmon_human_v35-report/multiqc-report/multiqc_report.html
[2020-11-11 13:32:21,131] multiqc                                            [INFO   ]  Data        : ../outputs/salmon_human_v35-report/multiqc-report/multiqc_data
[2020-11-11 13:32:21,135] multiqc                                            [DEBUG  ]  Moving data file from '/tmp/tmpfq37nfrj/multiqc_data/multiqc_salmon.txt' to '/lab-share/RC-Data-Science-e2/Public/Sam/Project_39/outputs//salmon_human_v35-report/multiqc-report/multiqc_data'
[2020-11-11 13:32:21,145] multiqc                                            [DEBUG  ]  Moving data file from '/tmp/tmpfq37nfrj/multiqc_data/multiqc_general_stats.txt' to '/lab-share/RC-Data-Science-e2/Public/Sam/Project_39/outputs//salmon_human_v35-report/multiqc-report/multiqc_data'
[2020-11-11 13:32:21,153] multiqc                                            [DEBUG  ]  Moving data file from '/tmp/tmpfq37nfrj/multiqc_data/multiqc_qualimap_bamqc_genome_results.txt' to '/lab-share/RC-Data-Science-e2/Public/Sam/Project_39/outputs//salmon_human_v35-report/multiqc-report/multiqc_data'
[2020-11-11 13:32:21,161] multiqc                                            [DEBUG  ]  Moving data file from '/tmp/tmpfq37nfrj/multiqc_data/multiqc_data.json' to '/lab-share/RC-Data-Science-e2/Public/Sam/Project_39/outputs//salmon_human_v35-report/multiqc-report/multiqc_data'
[2020-11-11 13:32:21,172] multiqc                                            [DEBUG  ]  Moving data file from '/tmp/tmpfq37nfrj/multiqc_data/multiqc_sources.txt' to '/lab-share/RC-Data-Science-e2/Public/Sam/Project_39/outputs//salmon_human_v35-report/multiqc-report/multiqc_data'
[2020-11-11 13:32:21,545] multiqc                                            [INFO   ]  MultiQC complete
